# KD03 optical model parameters
# Target: Z=18  A=40  nuclide=Ar40
# Projectile: n
# MARLEY KoningDelarocheOpticalModel
#
# --- Neutron (k=1) coefficients ---
# Real volume:  v1n=56.24  v2n=0.0071688  v3n=1.914e-05  v4n=7e-09
# Imag volume:  w1n=12.863  w2n=76.73
# Imag surf:    d1n=14.4  d2n=0.021802  d3n=11.5
# Spin-orbit:   vso1n=6.042  vso2n=0.004  wso1n=-3.1  wso2n=160
# Fermi energy: Efn=-10.223
# Geometry:
#   Rvn=4.05388  avn=0.671852
#   Rdn=4.40556  adn=0.537976
#   Rso_n=3.40701  aso_n=0.59
# Reduced radii:  rv=1.18536  rd=1.28819  rso=0.996216
#
# --- Proton (k=2) coefficients ---
# Real volume:  v1p=60.44  v2p=0.0072362  v3p=1.77444e-05  v4p=7e-09
# Imag volume:  w1p=15.0522  w2p=76.73
# Imag surf:    d1p=17.6  d2p=0.021802  d3p=11.5
# Spin-orbit:   vso1p=6.042  vso2p=0.004  wso1p=-3.1  wso2p=160
# Fermi energy: Efp=-7.8563
# Coulomb:      Vcbar_p=7.08388  Rc=4.39589
# Geometry:
#   Rvp=4.05388  avp=0.671852
#   Rdp=4.40556  adp=0.53952
#   Rso_p=3.40701  aso_p=0.59
#
# --- Q-values [MeV] from MARLEY MassTable ---
# (n,gamma):   6.09893
# (n,n):       0.0
# (n,p):       2.04979
# (n,d):       -10.3041
# (n,t):       -12.1203
# (n,3He):     -15.0386
# (n,alpha):   -2.49708
#
# --- Energy-dependent OMP values (TALYS flagomponly format) ---
# Grid: -8.0 to 20.0 MeV, 0.1 MeV step
KD03 OMP parameters for neutron  E:   -8.00000 Ef:   -10.22300
   rv:   1.18536   av:   0.67185   v1:  56.24000   v2:   0.00717   v3: 1.91400e-05   v4: 7.00000e-09 Vcoul:   0.00000
   rw:   1.18536   aw:   0.67185   w1:  12.86300   w2:  76.73000   w3:   0.22435   w4:   5.08645
  rwd:  1.28819  awd: 0.53798   d1:  14.40000   d2:   0.02180   d3:  11.50000
 rvso:  0.99622 avso: 0.59000 vso1:   6.04200 vso2:   0.00400
 rwso:  0.99622 awso: 0.59000 wso1:  -3.10000 wso2: 160.00000
KD03 OMP parameters for proton  E:   -8.00000 Ef:    -7.85630
   rv:   1.18536   av:   0.67185   v1:  60.44000   v2:   0.00724   v3: 1.77444e-05   v4: 7.00000e-09 Vcoul:   7.08388
   rw:   1.18536   aw:   0.67185   w1:  15.05216   w2:  76.73000   w3:   0.15616   w4:   4.71871
  rwd:  1.28819  awd: 0.53952   d1:  17.60000   d2:   0.02180   d3:  11.50000
 rvso:  0.99622 avso: 0.59000 vso1:   6.04200 vso2:   0.00400
 rwso:  0.99622 awso: 0.59000 wso1:  -3.10000 wso2: 160.00000
KD03 OMP parameters for neutron  E:   -7.00000 Ef:   -10.22300
   rv:   1.18536   av:   0.67185   v1:  56.24000   v2:   0.00717   v3: 1.91400e-05   v4: 7.00000e-09 Vcoul:   0.00000
   rw:   1.18536   aw:   0.67185   w1:  12.86300   w2:  76.73000   w3:   0.22435   w4:   5.08645
  rwd:  1.28819  awd: 0.53798   d1:  14.40000   d2:   0.02180   d3:  11.50000
 rvso:  0.99622 avso: 0.59000 vso1:   6.04200 vso2:   0.00400
 rwso:  0.99622 awso: 0.59000 wso1:  -3.10000 wso2: 160.00000
KD03 OMP parameters for proton  E:   -7.00000 Ef:    -7.85630
   rv:   1.18536   av:   0.67185   v1:  60.44000   v2:   0.00724   v3: 1.77444e-05   v4: 7.00000e-09 Vcoul:   7.08388
   rw:   1.18536   aw:   0.67185   w1:  15.05216   w2:  76.73000   w3:   0.15616   w4:   4.71871
  rwd:  1.28819  awd: 0.53952   d1:  17.60000   d2:   0.02180   d3:  11.50000
 rvso:  0.99622 avso: 0.59000 vso1:   6.04200 vso2:   0.00400
 rwso:  0.99622 awso: 0.59000 wso1:  -3.10000 wso2: 160.00000
KD03 OMP parameters for neutron  E:   -6.00000 Ef:   -10.22300
   rv:   1.18536   av:   0.67185   v1:  56.24000   v2:   0.00717   v3: 1.91400e-05   v4: 7.00000e-09 Vcoul:   0.00000
   rw:   1.18536   aw:   0.67185   w1:  12.86300   w2:  76.73000   w3:   0.22435   w4:   5.08645
  rwd:  1.28819  awd: 0.53798   d1:  14.40000   d2:   0.02180   d3:  11.50000
 rvso:  0.99622 avso: 0.59000 vso1:   6.04200 vso2:   0.00400
 rwso:  0.99622 awso: 0.59000 wso1:  -3.10000 wso2: 160.00000
KD03 OMP parameters for proton  E:   -6.00000 Ef:    -7.85630
   rv:   1.18536   av:   0.67185   v1:  60.44000   v2:   0.00724   v3: 1.77444e-05   v4: 7.00000e-09 Vcoul:   7.08388
   rw:   1.18536   aw:   0.67185   w1:  15.05216   w2:  76.73000   w3:   0.15616   w4:   4.71871
  rwd:  1.28819  awd: 0.53952   d1:  17.60000   d2:   0.02180   d3:  11.50000
 rvso:  0.99622 avso: 0.59000 vso1:   6.04200 vso2:   0.00400
 rwso:  0.99622 awso: 0.59000 wso1:  -3.10000 wso2: 160.00000
KD03 OMP parameters for neutron  E:    0.00000 Ef:   -10.22300
   rv:   1.18536   av:   0.67185   v1:  56.24000   v2:   0.00717   v3: 1.91400e-05   v4: 7.00000e-09 Vcoul:   0.00000
   rw:   1.18536   aw:   0.67185   w1:  12.86300   w2:  76.73000   w3:   0.22435   w4:   5.08645
  rwd:  1.28819  awd: 0.53798   d1:  14.40000   d2:   0.02180   d3:  11.50000
 rvso:  0.99622 avso: 0.59000 vso1:   6.04200 vso2:   0.00400
 rwso:  0.99622 awso: 0.59000 wso1:  -3.10000 wso2: 160.00000
KD03 OMP parameters for proton  E:    0.00000 Ef:    -7.85630
   rv:   1.18536   av:   0.67185   v1:  60.44000   v2:   0.00724   v3: 1.77444e-05   v4: 7.00000e-09 Vcoul:   7.08388
   rw:   1.18536   aw:   0.67185   w1:  15.05216   w2:  76.73000   w3:   0.15616   w4:   4.71871
  rwd:  1.28819  awd: 0.53952   d1:  17.60000   d2:   0.02180   d3:  11.50000
 rvso:  0.99622 avso: 0.59000 vso1:   6.04200 vso2:   0.00400
 rwso:  0.99622 awso: 0.59000 wso1:  -3.10000 wso2: 160.00000
KD03 OMP parameters for neutron  E:    1.00000 Ef:   -10.22300
   rv:   1.18536   av:   0.67185   v1:  56.24000   v2:   0.00717   v3: 1.91400e-05   v4: 7.00000e-09 Vcoul:   0.00000
   rw:   1.18536   aw:   0.67185   w1:  12.86300   w2:  76.73000   w3:   0.26942   w4:   5.49984
  rwd:  1.28819  awd: 0.53798   d1:  14.40000   d2:   0.02180   d3:  11.50000
 rvso:  0.99622 avso: 0.59000 vso1:   6.04200 vso2:   0.00400
 rwso:  0.99622 awso: 0.59000 wso1:  -3.10000 wso2: 160.00000
KD03 OMP parameters for proton  E:    1.00000 Ef:    -7.85630
   rv:   1.18536   av:   0.67185   v1:  60.44000   v2:   0.00724   v3: 1.77444e-05   v4: 7.00000e-09 Vcoul:   7.08388
   rw:   1.18536   aw:   0.67185   w1:  15.05216   w2:  76.73000   w3:   0.19789   w4:   5.40169
  rwd:  1.28819  awd: 0.53952   d1:  17.60000   d2:   0.02180   d3:  11.50000
 rvso:  0.99622 avso: 0.59000 vso1:   6.04200 vso2:   0.00400
 rwso:  0.99622 awso: 0.59000 wso1:  -3.10000 wso2: 160.00000
KD03 OMP parameters for neutron  E:    2.00000 Ef:   -10.22300
   rv:   1.18536   av:   0.67185   v1:  56.24000   v2:   0.00717   v3: 1.91400e-05   v4: 7.00000e-09 Vcoul:   0.00000
   rw:   1.18536   aw:   0.67185   w1:  12.86300   w2:  76.73000   w3:   0.31833   w4:   5.85157
  rwd:  1.28819  awd: 0.53798   d1:  14.40000   d2:   0.02180   d3:  11.50000
 rvso:  0.99622 avso: 0.59000 vso1:   6.04200 vso2:   0.00400
 rwso:  0.99622 awso: 0.59000 wso1:  -3.10000 wso2: 160.00000
KD03 OMP parameters for proton  E:    2.00000 Ef:    -7.85630
   rv:   1.18536   av:   0.67185   v1:  60.44000   v2:   0.00724   v3: 1.77444e-05   v4: 7.00000e-09 Vcoul:   7.08388
   rw:   1.18536   aw:   0.67185   w1:  15.05216   w2:  76.73000   w3:   0.24434   w4:   6.01214
  rwd:  1.28819  awd: 0.53952   d1:  17.60000   d2:   0.02180   d3:  11.50000
 rvso:  0.99622 avso: 0.59000 vso1:   6.04200 vso2:   0.00400
 rwso:  0.99622 awso: 0.59000 wso1:  -3.10000 wso2: 160.00000
KD03 OMP parameters for neutron  E:    4.00000 Ef:   -10.22300
   rv:   1.18536   av:   0.67185   v1:  56.24000   v2:   0.00717   v3: 1.91400e-05   v4: 7.00000e-09 Vcoul:   0.00000
   rw:   1.18536   aw:   0.67185   w1:  12.86300   w2:  76.73000   w3:   0.42729   w4:   6.38589
  rwd:  1.28819  awd: 0.53798   d1:  14.40000   d2:   0.02180   d3:  11.50000
 rvso:  0.99622 avso: 0.59000 vso1:   6.04200 vso2:   0.00400
 rwso:  0.99622 awso: 0.59000 wso1:  -3.10000 wso2: 160.00000
KD03 OMP parameters for proton  E:    4.00000 Ef:    -7.85630
   rv:   1.18536   av:   0.67185   v1:  60.44000   v2:   0.00724   v3: 1.77444e-05   v4: 7.00000e-09 Vcoul:   7.08388
   rw:   1.18536   aw:   0.67185   w1:  15.05216   w2:  76.73000   w3:   0.35101   w4:   7.00278
  rwd:  1.28819  awd: 0.53952   d1:  17.60000   d2:   0.02180   d3:  11.50000
 rvso:  0.99622 avso: 0.59000 vso1:   6.04200 vso2:   0.00400
 rwso:  0.99622 awso: 0.59000 wso1:  -3.10000 wso2: 160.00000
KD03 OMP parameters for neutron  E:    6.00000 Ef:   -10.22300
   rv:   1.18536   av:   0.67185   v1:  56.24000   v2:   0.00717   v3: 1.91400e-05   v4: 7.00000e-09 Vcoul:   0.00000
   rw:   1.18536   aw:   0.67185   w1:  12.86300   w2:  76.73000   w3:   0.55040   w4:   6.72886
  rwd:  1.28819  awd: 0.53798   d1:  14.40000   d2:   0.02180   d3:  11.50000
 rvso:  0.99622 avso: 0.59000 vso1:   6.04200 vso2:   0.00400
 rwso:  0.99622 awso: 0.59000 wso1:  -3.10000 wso2: 160.00000
KD03 OMP parameters for proton  E:    6.00000 Ef:    -7.85630
   rv:   1.18536   av:   0.67185   v1:  60.44000   v2:   0.00724   v3: 1.77444e-05   v4: 7.00000e-09 Vcoul:   7.08388
   rw:   1.18536   aw:   0.67185   w1:  15.05216   w2:  76.73000   w3:   0.47536   w4:   7.70430
  rwd:  1.28819  awd: 0.53952   d1:  17.60000   d2:   0.02180   d3:  11.50000
 rvso:  0.99622 avso: 0.59000 vso1:   6.04200 vso2:   0.00400
 rwso:  0.99622 awso: 0.59000 wso1:  -3.10000 wso2: 160.00000
KD03 OMP parameters for neutron  E:    8.00000 Ef:   -10.22300
   rv:   1.18536   av:   0.67185   v1:  56.24000   v2:   0.00717   v3: 1.91400e-05   v4: 7.00000e-09 Vcoul:   0.00000
   rw:   1.18536   aw:   0.67185   w1:  12.86300   w2:  76.73000   w3:   0.68679   w4:   6.92203
  rwd:  1.28819  awd: 0.53798   d1:  14.40000   d2:   0.02180   d3:  11.50000
 rvso:  0.99622 avso: 0.59000 vso1:   6.04200 vso2:   0.00400
 rwso:  0.99622 awso: 0.59000 wso1:  -3.10000 wso2: 160.00000
KD03 OMP parameters for proton  E:    8.00000 Ef:    -7.85630
   rv:   1.18536   av:   0.67185   v1:  60.44000   v2:   0.00724   v3: 1.77444e-05   v4: 7.00000e-09 Vcoul:   7.08388
   rw:   1.18536   aw:   0.67185   w1:  15.05216   w2:  76.73000   w3:   0.61647   w4:   8.16246
  rwd:  1.28819  awd: 0.53952   d1:  17.60000   d2:   0.02180   d3:  11.50000
 rvso:  0.99622 avso: 0.59000 vso1:   6.04200 vso2:   0.00400
 rwso:  0.99622 awso: 0.59000 wso1:  -3.10000 wso2: 160.00000
KD03 OMP parameters for neutron  E:   10.00000 Ef:   -10.22300
   rv:   1.18536   av:   0.67185   v1:  56.24000   v2:   0.00717   v3: 1.91400e-05   v4: 7.00000e-09 Vcoul:   0.00000
   rw:   1.18536   aw:   0.67185   w1:  12.86300   w2:  76.73000   w3:   0.83548   w4:   7.00162
  rwd:  1.28819  awd: 0.53798   d1:  14.40000   d2:   0.02180   d3:  11.50000
 rvso:  0.99622 avso: 0.59000 vso1:   6.04200 vso2:   0.00400
 rwso:  0.99622 awso: 0.59000 wso1:  -3.10000 wso2: 160.00000
KD03 OMP parameters for proton  E:   10.00000 Ef:    -7.85630
   rv:   1.18536   av:   0.67185   v1:  60.44000   v2:   0.00724   v3: 1.77444e-05   v4: 7.00000e-09 Vcoul:   7.08388
   rw:   1.18536   aw:   0.67185   w1:  15.05216   w2:  76.73000   w3:   0.77330   w4:   8.42855
  rwd:  1.28819  awd: 0.53952   d1:  17.60000   d2:   0.02180   d3:  11.50000
 rvso:  0.99622 avso: 0.59000 vso1:   6.04200 vso2:   0.00400
 rwso:  0.99622 awso: 0.59000 wso1:  -3.10000 wso2: 160.00000
KD03 OMP parameters for neutron  E:   12.00000 Ef:   -10.22300
   rv:   1.18536   av:   0.67185   v1:  56.24000   v2:   0.00717   v3: 1.91400e-05   v4: 7.00000e-09 Vcoul:   0.00000
   rw:   1.18536   aw:   0.67185   w1:  12.86300   w2:  76.73000   w3:   0.99549   w4:   6.99677
  rwd:  1.28819  awd: 0.53798   d1:  14.40000   d2:   0.02180   d3:  11.50000
 rvso:  0.99622 avso: 0.59000 vso1:   6.04200 vso2:   0.00400
 rwso:  0.99622 awso: 0.59000 wso1:  -3.10000 wso2: 160.00000
KD03 OMP parameters for proton  E:   12.00000 Ef:    -7.85630
   rv:   1.18536   av:   0.67185   v1:  60.44000   v2:   0.00724   v3: 1.77444e-05   v4: 7.00000e-09 Vcoul:   7.08388
   rw:   1.18536   aw:   0.67185   w1:  15.05216   w2:  76.73000   w3:   0.94474   w4:   8.54837
  rwd:  1.28819  awd: 0.53952   d1:  17.60000   d2:   0.02180   d3:  11.50000
 rvso:  0.99622 avso: 0.59000 vso1:   6.04200 vso2:   0.00400
 rwso:  0.99622 awso: 0.59000 wso1:  -3.10000 wso2: 160.00000
KD03 OMP parameters for neutron  E:   14.00000 Ef:   -10.22300
   rv:   1.18536   av:   0.67185   v1:  56.24000   v2:   0.00717   v3: 1.91400e-05   v4: 7.00000e-09 Vcoul:   0.00000
   rw:   1.18536   aw:   0.67185   w1:  12.86300   w2:  76.73000   w3:   1.16576   w4:   6.92998
  rwd:  1.28819  awd: 0.53798   d1:  14.40000   d2:   0.02180   d3:  11.50000
 rvso:  0.99622 avso: 0.59000 vso1:   6.04200 vso2:   0.00400
 rwso:  0.99622 awso: 0.59000 wso1:  -3.10000 wso2: 160.00000
KD03 OMP parameters for proton  E:   14.00000 Ef:    -7.85630
   rv:   1.18536   av:   0.67185   v1:  60.44000   v2:   0.00724   v3: 1.77444e-05   v4: 7.00000e-09 Vcoul:   7.08388
   rw:   1.18536   aw:   0.67185   w1:  15.05216   w2:  76.73000   w3:   1.12964   w4:   8.55908
  rwd:  1.28819  awd: 0.53952   d1:  17.60000   d2:   0.02180   d3:  11.50000
 rvso:  0.99622 avso: 0.59000 vso1:   6.04200 vso2:   0.00400
 rwso:  0.99622 awso: 0.59000 wso1:  -3.10000 wso2: 160.00000
KD03 OMP parameters for neutron  E:   16.00000 Ef:   -10.22300
   rv:   1.18536   av:   0.67185   v1:  56.24000   v2:   0.00717   v3: 1.91400e-05   v4: 7.00000e-09 Vcoul:   0.00000
   rw:   1.18536   aw:   0.67185   w1:  12.86300   w2:  76.73000   w3:   1.34525   w4:   6.81831
  rwd:  1.28819  awd: 0.53798   d1:  14.40000   d2:   0.02180   d3:  11.50000
 rvso:  0.99622 avso: 0.59000 vso1:   6.04200 vso2:   0.00400
 rwso:  0.99622 awso: 0.59000 wso1:  -3.10000 wso2: 160.00000
KD03 OMP parameters for proton  E:   16.00000 Ef:    -7.85630
   rv:   1.18536   av:   0.67185   v1:  60.44000   v2:   0.00724   v3: 1.77444e-05   v4: 7.00000e-09 Vcoul:   7.08388
   rw:   1.18536   aw:   0.67185   w1:  15.05216   w2:  76.73000   w3:   1.32678   w4:   8.48959
  rwd:  1.28819  awd: 0.53952   d1:  17.60000   d2:   0.02180   d3:  11.50000
 rvso:  0.99622 avso: 0.59000 vso1:   6.04200 vso2:   0.00400
 rwso:  0.99622 awso: 0.59000 wso1:  -3.10000 wso2: 160.00000
KD03 OMP parameters for neutron  E:   18.00000 Ef:   -10.22300
   rv:   1.18536   av:   0.67185   v1:  56.24000   v2:   0.00717   v3: 1.91400e-05   v4: 7.00000e-09 Vcoul:   0.00000
   rw:   1.18536   aw:   0.67185   w1:  12.86300   w2:  76.73000   w3:   1.53289   w4:   6.67457
  rwd:  1.28819  awd: 0.53798   d1:  14.40000   d2:   0.02180   d3:  11.50000
 rvso:  0.99622 avso: 0.59000 vso1:   6.04200 vso2:   0.00400
 rwso:  0.99622 awso: 0.59000 wso1:  -3.10000 wso2: 160.00000
KD03 OMP parameters for proton  E:   18.00000 Ef:    -7.85630
   rv:   1.18536   av:   0.67185   v1:  60.44000   v2:   0.00724   v3: 1.77444e-05   v4: 7.00000e-09 Vcoul:   7.08388
   rw:   1.18536   aw:   0.67185   w1:  15.05216   w2:  76.73000   w3:   1.53493   w4:   8.36185
  rwd:  1.28819  awd: 0.53952   d1:  17.60000   d2:   0.02180   d3:  11.50000
 rvso:  0.99622 avso: 0.59000 vso1:   6.04200 vso2:   0.00400
 rwso:  0.99622 awso: 0.59000 wso1:  -3.10000 wso2: 160.00000
KD03 OMP parameters for neutron  E:   20.00000 Ef:   -10.22300
   rv:   1.18536   av:   0.67185   v1:  56.24000   v2:   0.00717   v3: 1.91400e-05   v4: 7.00000e-09 Vcoul:   0.00000
   rw:   1.18536   aw:   0.67185   w1:  12.86300   w2:  76.73000   w3:   1.72763   w4:   6.50838
  rwd:  1.28819  awd: 0.53798   d1:  14.40000   d2:   0.02180   d3:  11.50000
 rvso:  0.99622 avso: 0.59000 vso1:   6.04200 vso2:   0.00400
 rwso:  0.99622 awso: 0.59000 wso1:  -3.10000 wso2: 160.00000
KD03 OMP parameters for proton  E:   20.00000 Ef:    -7.85630
   rv:   1.18536   av:   0.67185   v1:  60.44000   v2:   0.00724   v3: 1.77444e-05   v4: 7.00000e-09 Vcoul:   7.08388
   rw:   1.18536   aw:   0.67185   w1:  15.05216   w2:  76.73000   w3:   1.75285   w4:   8.19237
  rwd:  1.28819  awd: 0.53952   d1:  17.60000   d2:   0.02180   d3:  11.50000
 rvso:  0.99622 avso: 0.59000 vso1:   6.04200 vso2:   0.00400
 rwso:  0.99622 awso: 0.59000 wso1:  -3.10000 wso2: 160.00000
