# Radial optical model potential from MARLEY KoningDelarocheOpticalModel
# Target: Z=18  A=40  nuclide=Ar40
# Energy grid: 20 to 20 MeV, 1 MeV step
# Radial grid: 0 to 21 fm, 0.26746 fm step
# l = 0 (j = l + 1/2, l.s = l)
# Columns: E(MeV)  k  r(fm)  Re(U)(MeV)  Im(U)(MeV)
  20.00000   1    0.267460   -4.486719e+01   -1.733356e+00
  20.00000   1    0.534920   -4.478933e+01   -1.738004e+00
  20.00000   1    0.802380   -4.467389e+01   -1.746108e+00
  20.00000   1    1.069840   -4.450311e+01   -1.760107e+00
  20.00000   1    1.337300   -4.425122e+01   -1.784090e+00
  20.00000   1    1.604760   -4.388139e+01   -1.824838e+00
  20.00000   1    1.872220   -4.334205e+01   -1.893448e+00
  20.00000   1    2.139680   -4.256310e+01   -2.007679e+00
  20.00000   1    2.407140   -4.145379e+01   -2.194953e+00
  20.00000   1    2.674600   -3.990519e+01   -2.495063e+00
  20.00000   1    2.942060   -3.780245e+01   -2.959436e+00
  20.00000   1    3.209520   -3.505227e+01   -3.639549e+00
  20.00000   1    3.476980   -3.162632e+01   -4.552591e+00
  20.00000   1    3.744440   -2.760845e+01   -5.618502e+00
  20.00000   1    4.011900   -2.321670e+01   -6.600178e+00
  20.00000   1    4.279360   -1.877073e+01   -7.139859e+00
  20.00000   1    4.546820   -1.460599e+01   -6.957883e+00
  20.00000   1    4.814280   -1.097893e+01   -6.073945e+00
  20.00000   1    5.081740   -8.015245e+00   -4.796822e+00
  20.00000   1    5.349200   -5.717252e+00   -3.493584e+00
  20.00000   1    5.616660   -4.006776e+00   -2.397125e+00
  20.00000   1    5.884120   -2.771952e+00   -1.578735e+00
  20.00000   1    6.151580   -1.900054e+00   -1.012253e+00
  20.00000   1    6.419040   -1.294007e+00   -6.381736e-01
  20.00000   1    6.686500   -8.773337e-01   -3.982153e-01
  20.00000   1    6.953960   -5.930111e-01   -2.469833e-01
  20.00000   1    7.221420   -3.999958e-01   -1.526699e-01
  20.00000   1    7.488880   -2.694228e-01   -9.421275e-02
  20.00000   1    7.756340   -1.813004e-01   -5.810337e-02
  20.00000   1    8.023800   -1.219224e-01   -3.583657e-02
  20.00000   1    8.291260   -8.195585e-02   -2.211472e-02
  20.00000   1    8.558720   -5.507440e-02   -1.365845e-02
  20.00000   1    8.826180   -3.700278e-02   -8.444696e-03
  20.00000   1    9.093640   -2.485775e-02   -5.227627e-03
  20.00000   1    9.361100   -1.669747e-02   -3.240599e-03
  20.00000   1    9.628560   -1.121537e-02   -2.011871e-03
  20.00000   1    9.896020   -7.532850e-03   -1.251059e-03
  20.00000   1   10.163480   -5.059334e-03   -7.792994e-04
  20.00000   1   10.430940   -3.397969e-03   -4.863206e-04
  20.00000   1   10.698400   -2.282130e-03   -3.040702e-04
  20.00000   1   10.965860   -1.532702e-03   -1.905007e-04
  20.00000   1   11.233320   -1.029373e-03   -1.195990e-04
  20.00000   1   11.500780   -6.913311e-04   -7.524888e-05
  20.00000   1   11.768240   -4.642997e-04   -4.745090e-05
  20.00000   1   12.035700   -3.118244e-04   -2.999077e-05
  20.00000   1   12.303160   -2.094215e-04   -1.899994e-05
  20.00000   1   12.570620   -1.406475e-04   -1.206581e-05
  20.00000   1   12.838080   -9.445883e-05   -7.680929e-06
  20.00000   1   13.105540   -6.343851e-05   -4.901543e-06
  20.00000   1   13.373000   -4.260527e-05   -3.135573e-06
  20.00000   1   13.640460   -2.861367e-05   -2.010778e-06
  20.00000   1   13.907920   -1.921692e-05   -1.292610e-06
  20.00000   1   14.175380   -1.290607e-05   -8.329420e-07
  20.00000   1   14.442840   -8.667706e-06   -5.380085e-07
  20.00000   1   14.710300   -5.821224e-06   -3.483127e-07
  20.00000   1   14.977760   -3.909529e-06   -2.260110e-07
  20.00000   1   15.245220   -2.625637e-06   -1.469742e-07
  20.00000   1   15.512680   -1.763375e-06   -9.577921e-08
  20.00000   1   15.780140   -1.184281e-06   -6.254394e-08
  20.00000   1   16.047600   -7.953624e-07   -4.092097e-08
  20.00000   1   16.315060   -5.341647e-07   -2.682346e-08
  20.00000   1   16.582520   -3.587446e-07   -1.761375e-08
  20.00000   1   16.849980   -2.409325e-07   -1.158555e-08
  20.00000   1   17.117440   -1.618101e-07   -7.632538e-09
  20.00000   1   17.384900   -1.086715e-07   -5.035796e-09
  20.00000   1   17.652360   -7.298370e-08   -3.327166e-09
  20.00000   1   17.919820   -4.901579e-08   -2.201146e-09
  20.00000   1   18.187280   -3.291896e-08   -1.457987e-09
  20.00000   1   18.454740   -2.210835e-08   -9.668349e-10
  20.00000   1   18.722200   -1.484795e-08   -6.418147e-10
  20.00000   1   18.989660   -9.971869e-09   -4.264738e-10
  20.00000   1   19.257120   -6.697098e-09   -2.836406e-10
  20.00000   1   19.524580   -4.497766e-09   -1.888026e-10
  20.00000   1   19.792040   -3.020695e-09   -1.257716e-10
  20.00000   1   20.059500   -2.028697e-09   -8.384273e-11
  20.00000   1   20.326960   -1.362471e-09   -5.592834e-11
  20.00000   1   20.594420   -9.150342e-10   -3.733006e-11
  20.00000   1   20.861880   -6.145362e-10   -2.493011e-11
  20.00000   1   21.129340   -4.127220e-10   -1.665744e-11
  20.00000   2    0.267460   -4.274433e+01   -1.761898e+00
  20.00000   2    0.534920   -4.268756e+01   -1.768656e+00
  20.00000   2    0.802380   -4.260943e+01   -1.780206e+00
  20.00000   2    1.069840   -4.248949e+01   -1.799829e+00
  20.00000   2    1.337300   -4.229815e+01   -1.832971e+00
  20.00000   2    1.604760   -4.199307e+01   -1.888590e+00
  20.00000   2    1.872220   -4.151493e+01   -1.981232e+00
  20.00000   2    2.139680   -4.078318e+01   -2.134000e+00
  20.00000   2    2.407140   -3.969349e+01   -2.382312e+00
  20.00000   2    2.674600   -3.812063e+01   -2.777191e+00
  20.00000   2    2.942060   -3.593258e+01   -3.384061e+00
  20.00000   2    3.209520   -3.302208e+01   -4.267726e+00
  20.00000   2    3.476980   -2.935657e+01   -5.448788e+00
  20.00000   2    3.744440   -2.503242e+01   -6.824676e+00
  20.00000   2    4.011900   -2.030031e+01   -8.095717e+00
  20.00000   2    4.279360   -1.552769e+01   -8.812046e+00
  20.00000   2    4.546820   -1.109001e+01   -8.622155e+00
  20.00000   2    4.814280   -7.237154e+00   -7.548295e+00
  20.00000   2    5.081740   -4.113567e+00   -5.974203e+00
  20.00000   2    5.349200   -1.726896e+00   -4.358565e+00
  20.00000   2    5.616660    8.672929e-03   -2.994587e+00
  20.00000   2    5.884120    1.218425e+00   -1.974116e+00
  20.00000   2    6.151580    2.029210e+00   -1.266567e+00
  20.00000   2    6.419040    2.550341e+00   -7.987791e-01
  20.00000   2    6.686500    2.867818e+00   -4.984731e-01
  20.00000   2    6.953960    3.045575e+00   -3.091179e-01
  20.00000   2    7.221420    3.129412e+00   -1.910058e-01
  20.00000   2    7.488880    3.151327e+00   -1.178003e-01
  20.00000   2    7.756340    3.133283e+00   -7.259212e-02
  20.00000   2    8.023800    3.090152e+00   -4.472728e-02
  20.00000   2    8.291260    3.031893e+00   -2.756701e-02
  20.00000   2    8.558720    2.965104e+00   -1.700092e-02
  20.00000   2    8.826180    2.894108e+00   -1.049337e-02
  20.00000   2    9.093640    2.821698e+00   -6.483192e-03
  20.00000   2    9.361100    2.749642e+00   -4.010072e-03
  20.00000   2    9.628560    2.679032e+00   -2.483450e-03
  20.00000   2    9.896020    2.610511e+00   -1.540086e-03
  20.00000   2   10.163480    2.544429e+00   -9.564548e-04
  20.00000   2   10.430940    2.480948e+00   -5.949159e-04
  20.00000   2   10.698400    2.420109e+00   -3.706460e-04
  20.00000   2   10.965860    2.361879e+00   -2.313212e-04
  20.00000   2   11.233320    2.306181e+00   -1.446315e-04
  20.00000   2   11.500780    2.252910e+00   -9.060214e-05
  20.00000   2   11.768240    2.201950e+00   -5.686932e-05
  20.00000   2   12.035700    2.153181e+00   -3.576966e-05
  20.00000   2   12.303160    2.106483e+00   -2.254651e-05
  20.00000   2   12.570620    2.061738e+00   -1.424293e-05
  20.00000   2   12.838080    2.018835e+00   -9.017763e-06
  20.00000   2   13.105540    1.977668e+00   -5.722658e-06
  20.00000   2   13.373000    1.938137e+00   -3.640089e-06
  20.00000   2   13.640460    1.900149e+00   -2.320881e-06
  20.00000   2   13.907920    1.863618e+00   -1.483293e-06
  20.00000   2   14.175380    1.828462e+00   -9.502446e-07
  20.00000   2   14.442840    1.794607e+00   -6.102044e-07
  20.00000   2   14.710300    1.761981e+00   -3.927701e-07
  20.00000   2   14.977760    1.730519e+00   -2.534030e-07
  20.00000   2   15.245220    1.700160e+00   -1.638619e-07
  20.00000   2   15.512680    1.670848e+00   -1.061978e-07
  20.00000   2   15.780140    1.642529e+00   -6.897624e-08
  20.00000   2   16.047600    1.615154e+00   -4.489529e-08
  20.00000   2   16.315060    1.588676e+00   -2.928115e-08
  20.00000   2   16.582520    1.563053e+00   -1.913496e-08
  20.00000   2   16.849980    1.538243e+00   -1.252805e-08
  20.00000   2   17.117440    1.514208e+00   -8.217095e-09
  20.00000   2   17.384900    1.490912e+00   -5.398760e-09
  20.00000   2   17.652360    1.468323e+00   -3.552809e-09
  20.00000   2   17.919820    1.446407e+00   -2.341602e-09
  20.00000   2   18.187280    1.425137e+00   -1.545535e-09
  20.00000   2   18.454740    1.404483e+00   -1.021483e-09
  20.00000   2   18.722200    1.384419e+00   -6.759788e-10
  20.00000   2   18.989660    1.364920e+00   -4.478660e-10
  20.00000   2   19.257120    1.345962e+00   -2.970582e-10
  20.00000   2   19.524580    1.327525e+00   -1.972330e-10
  20.00000   2   19.792040    1.309585e+00   -1.310782e-10
  20.00000   2   20.059500    1.292124e+00   -8.718943e-11
  20.00000   2   20.326960    1.275122e+00   -5.804310e-11
  20.00000   2   20.594420    1.258562e+00   -3.866907e-11
  20.00000   2   20.861880    1.242427e+00   -2.577968e-11
  20.00000   2   21.129340    1.226700e+00   -1.719762e-11
