# lambda comparison report
# generated: 2026-06-24T17:07:39.466689
#
# file1: /Users/erinvisser/Downloads/opencode/exciton/lambda_printouts/OMP/Rates_Output/lambda_Ar40_n_numerical_clenshaw-curtis_guarded_optical-model_20260624_170615.log
#   internal transition rate: 21 rows, 8 cols
#
# file2: /Users/erinvisser/Downloads/opencode/talys/samples/n-Ar40-preeq/diagnostic_omp_run/lambda.out
#   internal transition rate: 21 rows, 8 cols
#
# Description:
#   Table 1: Absolute difference |file1 - file2| for each lambda column.
#   Table 2: Relative error |file1 - file2| / max(|f1|,|f2|) as percentage.
#
# absolute tolerance: 1e-04
# relative tolerance: 1%
#
# --- internal transition rate (absolute) ---
# columns: 8
# entries: 21
##          p(p)          h(p)          p(n)          h(n)  lambdapiplus  lambdanuplus    lambdapinu    lambdanupi
##                                                                sec^-1        sec^-1        sec^-1        sec^-1
             0             0             1             0   7.432600E+19   2.421160E+20   0.000000E+00   0.000000E+00
             0             0             2             1   2.933725E+21   9.638590E+20   0.000000E+00   7.577150E+19
             1             1             1             0   2.193986E+21   3.026732E+21   9.263700E+19   0.000000E+00
             0             0             3             2   7.609198E+21   1.694852E+21   0.000000E+00   1.479522E+21
             1             1             2             1   5.404945E+21   4.360374E+21   4.273067E+20   4.921920E+20
             2             2             1             0   4.083218E+21   7.785259E+21   1.889617E+21   0.000000E+00
             0             0             4             3   1.255258E+22   1.510668E+21   0.000000E+00   6.406789E+21
             1             1             3             2   8.359307E+21   3.961629E+21   7.627108E+20   3.228102E+21
             2             2             2             1   5.777162E+21   7.308020E+21   3.514738E+21   1.124857E+21
             3             3             1             0   4.039656E+21   1.166274E+22   8.875921E+21   0.000000E+00
             0             0             5             4   1.690873E+22   7.497950E+20   0.000000E+00   1.795757E+22
             1             1             4             3   1.033068E+22   2.434589E+21   1.139859E+21   1.010585E+22
             2             2             3             2   6.591984E+21   5.098299E+21   5.477270E+21   5.436010E+21
             3             3             2             1   4.136279E+21   8.872475E+21   1.397081E+22   1.975549E+21
             4             4             1             0   2.339674E+21   1.380908E+22   2.525131E+22   0.000000E+00
             0             0             6             5   2.625171E+22   0.000000E+00   0.000000E+00   7.779525E+22
             1             1             5             4   1.083680E+22   8.409539E+20   1.298808E+21   2.457088E+22
             2             2             4             3   6.326018E+21   2.489340E+21   7.899575E+21   1.483996E+22
             3             3             3             2   3.559084E+21   5.037388E+21   2.033597E+22   8.455596E+21
             4             4             2             1   1.747034E+21   8.712472E+21   3.549305E+22   3.225909E+21
             5             5             1             0   9.310424E+19   1.281618E+22   6.105106E+22   0.000000E+00
#
# FAIL: 71/84 values differ beyond tol=1e-04
# Max difference: 7.779525e+22  (row 15, col lambdanupi)

# --- internal transition rate (relative) ---
# columns: 8
# entries: 21
##          p(p)          h(p)          p(n)          h(n)  lambdapiplus  lambdanuplus    lambdapinu    lambdanupi
##                                                                     %             %             %             %
             0             0             1             0        4.4951%       12.9466%        0.0000%        0.0000%
             0             0             2             1       31.2495%       23.3488%        0.0000%       12.4169%
             1             1             1             0       38.7256%       44.2211%       25.4529%        0.0000%
             0             0             3             2       52.6309%       36.4661%        0.0000%       39.0926%
             1             1             2             1       55.1742%       60.6371%       67.9679%       42.1505%
             2             2             1             0       67.4484%       77.3973%       66.3629%        0.0000%
             0             0             4             3       63.1455%       42.3403%        0.0000%       50.5388%
             1             1             3             2       63.4478%       64.4052%       84.4112%       55.4151%
             2             2             2             1       68.0334%       79.7840%       82.5538%       60.7113%
             3             3             1             0       81.5301%       91.5096%       82.7040%        0.0000%
             0             0             5             4       66.5316%       47.8993%        0.0000%       54.1652%
             1             1             4             3       66.6498%       64.0135%       90.3191%       58.9666%
             2             2             3             2       68.4564%       77.1742%       88.7881%       65.6495%
             3             3             2             1       74.3363%       88.7520%       89.9186%       72.2660%
             4             4             1             0       88.0650%       96.6058%       90.2410%        0.0000%
             0             0             6             5      100.0000%        0.0000%        0.0000%      100.0000%
             1             1             5             4       67.1579%       65.3679%       90.1202%       58.7677%
             2             2             4             3       68.2454%       75.5084%       90.1443%       65.2181%
             3             3             3             2       70.6860%       84.5236%       92.8874%       72.9832%
             4             4             2             1       78.1569%       93.3841%       94.3122%       80.5560%
             5             5             1             0      100.0000%       99.2851%       94.2251%        0.0000%
#
# FAIL: 71/84 values differ beyond tol=1e+00
# Max relative error: 1.000000e+02  (row 15, col lambdapiplus)
