# lambda comparison report
# generated: 2026-06-26T14:39:45.993272
#
# file1: /Users/erinvisser/Downloads/opencode/exciton/lambda_printouts/OMP/Rates_Output/lambda_Ar40_n_numerical_midpoint_guarded_optical-model_20260626_143821.log
#   internal transition rate: 21 rows, 8 cols
#
# file2: /Users/erinvisser/Downloads/opencode/talys/samples/n-Ar40-preeq/diagnostic_omp_run/lambda.out
#   internal transition rate: 21 rows, 8 cols
#
# Description:
#   Table 1: Absolute difference |file1 - file2| for each lambda column.
#   Table 2: Relative error |file1 - file2| / max(|f1|,|f2|) as percentage.
#
# absolute tolerance: 1e-04
# relative tolerance: 1%
#
# --- internal transition rate (absolute) ---
# columns: 8
# entries: 21
##          p(p)          h(p)          p(n)          h(n)  lambdapiplus  lambdanuplus    lambdapinu    lambdanupi
##                                                                sec^-1        sec^-1        sec^-1        sec^-1
             0             0             1             0   1.000000E+15   0.000000E+00   0.000000E+00   0.000000E+00
             0             0             2             1   5.581920E+20   2.282600E+19   0.000000E+00   5.470300E+18
             1             1             1             0   1.498254E+21   2.791528E+21   1.131507E+20   0.000000E+00
             0             0             3             2   2.613290E+21   1.222970E+20   0.000000E+00   3.774530E+20
             1             1             2             1   2.606928E+21   3.219863E+21   4.352627E+20   1.501320E+20
             2             2             1             0   3.140427E+21   6.516395E+21   1.918525E+21   0.000000E+00
             0             0             4             3   5.399080E+21   1.379540E+20   0.000000E+00   1.940010E+21
             1             1             3             2   3.772695E+21   2.533062E+21   7.324400E+20   1.153324E+21
             2             2             2             1   3.346317E+21   5.580323E+21   3.404250E+21   4.547600E+20
             3             3             1             0   3.192906E+21   8.315721E+21   8.799560E+21   0.000000E+00
             0             0             5             4   8.329230E+21   5.317800E+19   0.000000E+00   5.645010E+21
             1             1             4             3   4.700740E+21   1.372533E+21   1.020445E+21   3.616990E+21
             2             2             3             2   3.321102E+21   3.679158E+21   5.054567E+21   2.249287E+21
             3             3             2             1   2.603360E+21   6.216214E+21   1.330360E+22   9.137210E+20
             4             4             1             0   1.877374E+21   7.717862E+21   2.525690E+22   0.000000E+00
             0             0             6             5   1.012221E+22   0.000000E+00   0.000000E+00   1.364290E+22
             1             1             5             4   5.116720E+21   3.950722E+20   1.137531E+21   8.528290E+21
             2             2             4             3   2.977955E+21   1.661174E+21   6.996373E+21   5.875170E+21
             3             3             3             2   1.930901E+21   3.518771E+21   1.875779E+22   3.832597E+21
             4             4             2             1   1.160588E+21   5.158756E+21   3.460633E+22   1.626772E+21
             5             5             1             0   7.297617E+19   4.348573E+21   6.203182E+22   0.000000E+00
#
# FAIL: 70/84 values differ beyond tol=1e-04
# Max difference: 6.203182e+22  (row 20, col lambdapinu)

# --- internal transition rate (relative) ---
# columns: 8
# entries: 21
##          p(p)          h(p)          p(n)          h(n)  lambdapiplus  lambdanuplus    lambdapinu    lambdanupi
##                                                                     %             %             %             %
             0             0             1             0        0.0001%        0.0000%        0.0000%        0.0000%
             0             0             2             1        5.9458%        0.5499%        0.0000%        0.8964%
             1             1             1             0       26.4454%       40.7847%       31.0892%        0.0000%
             0             0             3             2       18.0755%        2.6313%        0.0000%        9.9732%
             1             1             2             1       26.6118%       44.7767%       69.2334%       12.8570%
             2             2             1             0       51.8750%       64.7828%       67.3782%        0.0000%
             0             0             4             3       27.1599%        3.8665%        0.0000%       15.3034%
             1             1             3             2       28.6350%       41.1806%       81.0610%       19.7985%
             2             2             2             1       39.4071%       60.9222%       79.9586%       24.5445%
             3             3             1             0       64.4406%       65.2478%       81.9924%        0.0000%
             0             0             5             4       32.7734%        3.3972%        0.0000%       17.0270%
             1             1             4             3       30.3275%       36.0885%       80.8571%       21.1048%
             2             2             3             2       34.4890%       55.6923%       81.9360%       27.1641%
             3             3             2             1       46.7870%       62.1812%       85.6243%       33.4241%
             4             4             1             0       70.6641%       53.9928%       90.2610%        0.0000%
             0             0             6             5       38.5583%        0.0000%        0.0000%       17.5369%
             1             1             5             4       31.7094%       30.7092%       78.9297%       20.3976%
             2             2             4             3       32.1263%       50.3879%       79.8376%       25.8200%
             3             3             3             2       38.3491%       59.0423%       85.6789%       33.0805%
             4             4             2             1       51.9211%       55.2938%       91.9560%       40.6230%
             5             5             1             0       78.3811%       33.6878%       95.7387%        0.0000%
#
# FAIL: 67/84 values differ beyond tol=1e+00
# Max relative error: 9.573873e+01  (row 20, col lambdapinu)
