# lambda comparison report
# generated: 2026-06-26T14:58:55.356065
#
# file1: /Users/erinvisser/Downloads/opencode/talys/samples/n-Ar40-preeq/diagnostic_omp_run/lambda.out
#   internal transition rate: 21 rows, 8 cols
#
# file2: /Users/erinvisser/Downloads/opencode/exciton/lambda_printouts/OMP/Rates_Output/lambda_Ar40_n_numerical_midpoint_guarded_optical-model_20260626_145706.log
#   internal transition rate: 21 rows, 8 cols
#
# Description:
#   Table 1: Absolute difference |file1 - file2| for each lambda column.
#   Table 2: Relative error |file1 - file2| / max(|f1|,|f2|) as percentage.
#
# absolute tolerance: 1e-04
# relative tolerance: 1%
#
# --- internal transition rate (absolute) ---
# columns: 8
# entries: 21
##          p(p)          h(p)          p(n)          h(n)  lambdapiplus  lambdanuplus    lambdapinu    lambdanupi
##                                                                sec^-1        sec^-1        sec^-1        sec^-1
             0             0             1             0   1.000000E+15   0.000000E+00   0.000000E+00   0.000000E+00
             0             0             2             1   3.048430E+20   1.400770E+20   0.000000E+00   1.082030E+19
             1             1             1             0   1.437110E+21   2.789766E+21   1.167239E+20   0.000000E+00
             0             0             3             2   2.248530E+21   1.212100E+19   0.000000E+00   2.752220E+20
             1             1             2             1   2.417713E+21   3.144171E+21   4.382754E+20   1.195070E+20
             2             2             1             0   3.098042E+21   6.529367E+21   1.932935E+21   0.000000E+00
             0             0             4             3   4.938690E+21   3.480200E+19   0.000000E+00   1.605990E+21
             1             1             3             2   3.502990E+21   2.440016E+21   7.358064E+20   1.006777E+21
             2             2             2             1   3.219723E+21   5.537168E+21   3.420294E+21   4.103970E+20
             3             3             1             0   3.169487E+21   8.367181E+21   8.833872E+21   0.000000E+00
             0             0             5             4   7.779600E+21   7.782000E+18   0.000000E+00   4.778400E+21
             1             1             4             3   4.383680E+21   1.304024E+21   1.026034E+21   3.187390E+21
             2             2             3             2   3.152537E+21   3.620536E+21   5.079482E+21   2.054693E+21
             3             3             2             1   2.535695E+21   6.209990E+21   1.335216E+22   8.539090E+20
             4             4             1             0   1.868828E+21   7.825050E+21   2.530938E+22   0.000000E+00
             0             0             6             5   9.600900E+21   0.000000E+00   0.000000E+00   1.161105E+22
             1             1             5             4   4.791700E+21   3.690143E+20   1.144916E+21   7.468230E+21
             2             2             4             3   2.805564E+21   1.621230E+21   7.038568E+21   5.329980E+21
             3             3             3             2   1.852969E+21   3.491674E+21   1.883440E+22   3.576849E+21
             4             4             2             1   1.137799E+21   5.187970E+21   3.467899E+22   1.546340E+21
             5             5             1             0   7.348403E+19   4.508126E+21   6.208831E+22   0.000000E+00
#
# FAIL: 70/84 values differ beyond tol=1e-04
# Max difference: 6.208831e+22  (row 20, col lambdapinu)

# --- internal transition rate (relative) ---
# columns: 8
# entries: 21
##          p(p)          h(p)          p(n)          h(n)  lambdapiplus  lambdanuplus    lambdapinu    lambdanupi
##                                                                     %             %             %             %
             0             0             1             0        0.0001%        0.0000%        0.0000%        0.0000%
             0             0             2             1        3.2471%        3.2819%        0.0000%        1.7423%
             1             1             1             0       25.3661%       40.7590%       32.0710%        0.0000%
             0             0             3             2       15.5525%        0.2601%        0.0000%        7.2720%
             1             1             2             1       24.6802%       43.7241%       69.7126%       10.2344%
             2             2             1             0       51.1748%       64.9118%       67.8843%        0.0000%
             0             0             4             3       24.8440%        0.9754%        0.0000%       12.6686%
             1             1             3             2       26.5880%       39.6679%       81.4336%       17.2828%
             2             2             2             1       37.9163%       60.4510%       80.3355%       22.1501%
             3             3             1             0       63.9679%       65.6516%       82.3122%        0.0000%
             0             0             5             4       30.6108%        0.4971%        0.0000%       14.4130%
             1             1             4             3       28.2819%       34.2872%       81.3000%       18.5981%
             2             2             3             2       32.7385%       54.8049%       82.3399%       24.8141%
             3             3             2             1       45.5710%       62.1190%       85.9368%       31.2362%
             4             4             1             0       70.3424%       54.7426%       90.4486%        0.0000%
             0             0             6             5       36.5725%        0.0000%        0.0000%       14.9251%
             1             1             5             4       29.6951%       28.6837%       79.4421%       17.8622%
             2             2             4             3       30.2666%       49.1763%       80.3191%       23.4240%
             3             3             3             2       36.8013%       58.5877%       86.0288%       30.8730%
             4             4             2             1       50.9016%       55.6069%       92.1491%       38.6145%
             5             5             1             0       78.9266%       34.9238%       95.8259%        0.0000%
#
# FAIL: 66/84 values differ beyond tol=1e+00
# Max relative error: 9.582593e+01  (row 20, col lambdapinu)
